<?xml version="1.0" encoding="UTF-8"?>
<!-- Generated by org.testng.reporters.JUnitReportReporter -->
<testsuite name="ci.test.NewTest" tests="1" time="4.874" ignored="0" failures="0" timestamp="21 Feb 2017 10:42:28 GMT" skipped="0" hostname="EPAMYERW0075" errors="0">
  <testcase name="f" time="4.874" classname="ci.test.NewTest"/>
</testsuite> <!-- ci.test.NewTest -->
